<?xml version="1.0" encoding="UTF-8"?>
<!-- Generated by org.testng.reporters.JUnitXMLReporter -->
<testsuite hostname="Sunku" name="Test(failed)" tests="2" failures="2" timestamp="13 Apr 2020 00:57:29 GMT" time="0.063" errors="0">
  <testcase name="LogoutTwo" time="0.016" classname="prathyusha.ListenerTestTwo">
    <failure type="java.lang.AssertionError" message="expected [true] but found [false]">
      <![CDATA[java.lang.AssertionError: expected [true] but found [false]
	at prathyusha.ListenerTestTwo.LogoutTwo(ListenerTestTwo.java:23)
... Removed 31 stack frames]]>
    </failure>
  </testcase> <!-- LogoutTwo -->
  <testcase name="Logout" time="0.002" classname="prathyusha.TestNGListenerTest">
    <failure type="java.lang.AssertionError" message="expected [true] but found [false]">
      <![CDATA[java.lang.AssertionError: expected [true] but found [false]
	at prathyusha.TestNGListenerTest.Logout(TestNGListenerTest.java:25)
... Removed 31 stack frames]]>
    </failure>
  </testcase> <!-- Logout -->
</testsuite> <!-- Test(failed) -->
