<?xml version="1.0" encoding="UTF-8"?>
<!-- Generated by org.testng.reporters.JUnitXMLReporter -->
<testsuite hostname="Sunku" name="Default test" tests="3" failures="0" timestamp="13 Apr 2020 00:15:29 GMT" time="0.048" errors="0">
  <testcase name="TestLogin" time="0.011" classname="prathyusha.TestNGListenerTest"/>
  <testcase name="EnterInfo" time="0.002" classname="prathyusha.TestNGListenerTest"/>
  <testcase name="Logout" time="0.006" classname="prathyusha.TestNGListenerTest"/>
</testsuite> <!-- Default test -->
