<?xml version="1.0" encoding="UTF-8"?>
<!-- Generated by org.testng.reporters.JUnitXMLReporter -->
<testsuite hostname="Sunku" name="Test" tests="6" failures="2" timestamp="13 Apr 2020 00:56:09 GMT" time="0.142" errors="0">
  <testcase name="TestLogin" time="0.016" classname="prathyusha.TestNGListenerTest"/>
  <testcase name="EnterInfo" time="0.003" classname="prathyusha.TestNGListenerTest"/>
  <testcase name="Logout" time="0.008" classname="prathyusha.TestNGListenerTest">
    <failure type="java.lang.AssertionError" message="expected [true] but found [false]">
      <![CDATA[java.lang.AssertionError: expected [true] but found [false]
	at prathyusha.TestNGListenerTest.Logout(TestNGListenerTest.java:25)
... Removed 31 stack frames]]>
    </failure>
  </testcase> <!-- Logout -->
  <testcase name="TestLoginTwo" time="0.006" classname="prathyusha.ListenerTestTwo"/>
  <testcase name="EnterInfoTwo" time="0.005" classname="prathyusha.ListenerTestTwo"/>
  <testcase name="LogoutTwo" time="0.004" classname="prathyusha.ListenerTestTwo">
    <failure type="java.lang.AssertionError" message="expected [true] but found [false]">
      <![CDATA[java.lang.AssertionError: expected [true] but found [false]
	at prathyusha.ListenerTestTwo.LogoutTwo(ListenerTestTwo.java:23)
... Removed 31 stack frames]]>
    </failure>
  </testcase> <!-- LogoutTwo -->
</testsuite> <!-- Test -->
