<?xml version="1.0" encoding="UTF-8"?>
<!-- Generated by org.testng.reporters.JUnitXMLReporter -->
<testsuite hostname="Sunku" name="Test1" tests="1" failures="1" timestamp="30 Mar 2020 01:12:42 GMT" time="0.013" errors="0">
  <testcase name="MultiBrowserTests" time="0.001" classname="prathyusha.CrossBrowserTestting">
    <failure type="java.lang.NullPointerException">
      <![CDATA[java.lang.NullPointerException
	at prathyusha.CrossBrowserTestting.MultiBrowserTests(CrossBrowserTestting.java:26)
... Removed 25 stack frames]]>
    </failure>
  </testcase> <!-- MultiBrowserTests -->
</testsuite> <!-- Test1 -->
